<?xml version="1.0" encoding="UTF-8"?>
<!-- Generated by org.testng.reporters.JUnitReportReporter -->
<testsuite hostname="NHCLPT520" failures="0" tests="13" name="org.runner.Runner" time="524.717" errors="0" timestamp="18 Oct 2022 14:41:51 GMT" skipped="0">
  <testcase classname="org.runner.Runner" name="runScenario" time="29.487"/>
  <testcase classname="org.runner.Runner" name="runScenario" time="109.029"/>
  <testcase classname="org.runner.Runner" name="runScenario" time="25.267"/>
  <testcase classname="org.runner.Runner" name="runScenario" time="16.011"/>
  <testcase classname="org.runner.Runner" name="runScenario" time="56.825"/>
  <testcase classname="org.runner.Runner" name="runScenario" time="25.211"/>
  <testcase classname="org.runner.Runner" name="runScenario" time="34.620"/>
  <testcase classname="org.runner.Runner" name="runScenario" time="36.715"/>
  <testcase classname="org.runner.Runner" name="runScenario" time="28.061"/>
  <testcase classname="org.runner.Runner" name="runScenario" time="28.992"/>
  <testcase classname="org.runner.Runner" name="runScenario" time="27.072"/>
  <testcase classname="org.runner.Runner" name="runScenario" time="44.944"/>
  <testcase classname="org.runner.Runner" name="runScenario" time="62.483"/>
</testsuite> <!-- org.runner.Runner -->
