<?xml version="1.0" encoding="UTF-8"?>
<!-- Generated by org.testng.reporters.JUnitReportReporter -->
<testsuite hostname="NHCLPT520" failures="0" tests="4" name="org.runner.Runner" time="209.667" errors="0" timestamp="21 Nov 2022 13:04:44 GMT" skipped="0">
  <testcase classname="org.runner.Runner" name="runScenario" time="29.131"/>
  <testcase classname="org.runner.Runner" name="runScenario" time="45.195"/>
  <testcase classname="org.runner.Runner" name="runScenario" time="32.271"/>
  <testcase classname="org.runner.Runner" name="runScenario" time="103.070"/>
</testsuite> <!-- org.runner.Runner -->
