<?xml version="1.0" encoding="UTF-8"?>
<!-- Generated by org.testng.reporters.JUnitReportReporter -->
<testsuite hostname="NHCLPT520" failures="0" tests="16" name="org.runner.Runner" time="602.001" errors="0" timestamp="17 Nov 2022 11:26:45 GMT" skipped="0">
  <testcase classname="org.runner.Runner" name="runScenario" time="46.389"/>
  <testcase classname="org.runner.Runner" name="runScenario" time="21.540"/>
  <testcase classname="org.runner.Runner" name="runScenario" time="25.638"/>
  <testcase classname="org.runner.Runner" name="runScenario" time="33.260"/>
  <testcase classname="org.runner.Runner" name="runScenario" time="50.806"/>
  <testcase classname="org.runner.Runner" name="runScenario" time="74.588"/>
  <testcase classname="org.runner.Runner" name="runScenario" time="27.638"/>
  <testcase classname="org.runner.Runner" name="runScenario" time="26.865"/>
  <testcase classname="org.runner.Runner" name="runScenario" time="24.859"/>
  <testcase classname="org.runner.Runner" name="runScenario" time="12.828"/>
  <testcase classname="org.runner.Runner" name="runScenario" time="43.693"/>
  <testcase classname="org.runner.Runner" name="runScenario" time="27.906"/>
  <testcase classname="org.runner.Runner" name="runScenario" time="31.265"/>
  <testcase classname="org.runner.Runner" name="runScenario" time="10.162"/>
  <testcase classname="org.runner.Runner" name="runScenario" time="38.536"/>
  <testcase classname="org.runner.Runner" name="runScenario" time="106.028"/>
</testsuite> <!-- org.runner.Runner -->
